# JRE version: OpenJDK Runtime Environment Temurin-17.0.8.1+1 (17.0.8.1+1) (build 17.0.8.1+1)
# Java VM: OpenJDK 64-Bit Server VM Temurin-17.0.8.1+1 (17.0.8.1+1, mixed mode, sharing, tiered, compressed oops, compressed class ptrs, g1 gc, linux-amd64)
Heap:
 garbage-first heap   total 196608K, used 98798K [0x0000000745000000, 0x0000000800000000)
  region size 2048K, 49 young (100352K), 2 survivors (4096K)
 Metaspace       used 7118K, committed 7296K, reserved 1114112K
  class space    used 496K, committed 576K, reserved 1048576K
GC Heap History (10 events):
Event: 1.590 GC heap before
{Heap before GC invocations=0 (full 0):
 garbage-first heap   total 196608K, used 12264K [0x0000000745000000, 0x0000000800000000)
  region size 2048K, 6 young (12288K), 0 survivors (0K)
 Metaspace       used 3981K, committed 4160K, reserved 1114112K
  class space    used 322K, committed 384K, reserved 1048576K
}
Event: 1.592 GC heap after
{Heap after GC invocations=1 (full 0):
 garbage-first heap   total 196608K, used 3711K [0x0000000745000000, 0x0000000800000000)
  region size 2048K, 1 young (2048K), 1 survivors (2048K)
 Metaspace       used 3981K, committed 4160K, reserved 1114112K
  class space    used 322K, committed 384K, reserved 1048576K
}
Event: 9.567 GC heap before
{Heap before GC invocations=1 (full 0):
 garbage-first heap   total 196608K, used 22143K [0x0000000745000000, 0x0000000800000000)
  region size 2048K, 10 young (20480K), 1 survivors (2048K)
 Metaspace       used 7073K, committed 7232K, reserved 1114112K
  class space    used 495K, committed 576K, reserved 1048576K
}
Event: 9.574 GC heap after
{Heap after GC invocations=2 (full 0):
 garbage-first heap   total 196608K, used 4658K [0x0000000745000000, 0x0000000800000000)
  region size 2048K, 2 young (4096K), 2 survivors (4096K)
 Metaspace       used 7073K, committed 7232K, reserved 1114112K
  class space    used 495K, committed 576K, reserved 1048576K
}
Event: 60.067 GC heap before
{Heap before GC invocations=2 (full 0):
 garbage-first heap   total 196608K, used 76338K [0x0000000745000000, 0x0000000800000000)
  region size 2048K, 37 young (75776K), 2 survivors (4096K)
 Metaspace       used 7074K, committed 7232K, reserved 1114112K
  class space    used 495K, committed 576K, reserved 1048576K
}
Event: 60.070 GC heap after
{Heap after GC invocations=3 (full 0):
 garbage-first heap   total 196608K, used 4715K [0x0000000745000000, 0x0000000800000000)
  region size 2048K, 2 young (4096K), 2 survivors (4096K)
 Metaspace       used 7074K, committed 7232K, reserved 1114112K
  class space    used 495K, committed 576K, reserved 1048576K
}
Event: 139.303 GC heap before
{Heap before GC invocations=3 (full 0):
 garbage-first heap   total 196608K, used 115307K [0x0000000745000000, 0x0000000800000000)
  region size 2048K, 56 young (114688K), 2 survivors (4096K)
 Metaspace       used 7100K, committed 7232K, reserved 1114112K
  class space    used 495K, committed 576K, reserved 1048576K
}
Event: 139.306 GC heap after
{Heap after GC invocations=4 (full 0):
 garbage-first heap   total 196608K, used 4681K [0x0000000745000000, 0x0000000800000000)
  region size 2048K, 2 young (4096K), 2 survivors (4096K)
 Metaspace       used 7100K, committed 7232K, reserved 1114112K
  class space    used 495K, committed 576K, reserved 1048576K
}
Event: 217.786 GC heap before
{Heap before GC invocations=4 (full 0):
 garbage-first heap   total 196608K, used 115273K [0x0000000745000000, 0x0000000800000000)
  region size 2048K, 56 young (114688K), 2 survivors (4096K)
 Metaspace       used 7102K, committed 7296K, reserved 1114112K
  class space    used 495K, committed 576K, reserved 1048576K
}
Event: 217.789 GC heap after
{Heap after GC invocations=5 (full 0):
 garbage-first heap   total 196608K, used 4588K [0x0000000745000000, 0x0000000800000000)
  region size 2048K, 2 young (4096K), 2 survivors (4096K)
 Metaspace       used 7102K, committed 7296K, reserved 1114112K
  class space    used 495K, committed 576K, reserved 1048576K
}

