# JRE version: OpenJDK Runtime Environment Temurin-17.0.8.1+1 (17.0.8.1+1) (build 17.0.8.1+1)
# Java VM: OpenJDK 64-Bit Server VM Temurin-17.0.8.1+1 (17.0.8.1+1, mixed mode, sharing, tiered, compressed oops, compressed class ptrs, g1 gc, linux-amd64)
Heap:
 garbage-first heap   total 196608K, used 30999K [0x0000000745000000, 0x0000000800000000)
  region size 2048K, 15 young (30720K), 2 survivors (4096K)
 Metaspace       used 6888K, committed 7104K, reserved 1114112K
  class space    used 482K, committed 576K, reserved 1048576K
GC Heap History (10 events):
Event: 35.662 GC heap before
{Heap before GC invocations=0 (full 0):
 garbage-first heap   total 196608K, used 12264K [0x0000000745000000, 0x0000000800000000)
  region size 2048K, 6 young (12288K), 0 survivors (0K)
 Metaspace       used 4549K, committed 4736K, reserved 1114112K
  class space    used 339K, committed 448K, reserved 1048576K
}
Event: 35.668 GC heap after
{Heap after GC invocations=1 (full 0):
 garbage-first heap   total 196608K, used 3662K [0x0000000745000000, 0x0000000800000000)
  region size 2048K, 1 young (2048K), 1 survivors (2048K)
 Metaspace       used 4549K, committed 4736K, reserved 1114112K
  class space    used 339K, committed 448K, reserved 1048576K
}
Event: 51.032 GC heap before
{Heap before GC invocations=1 (full 0):
 garbage-first heap   total 196608K, used 22094K [0x0000000745000000, 0x0000000800000000)
  region size 2048K, 10 young (20480K), 1 survivors (2048K)
 Metaspace       used 6864K, committed 7040K, reserved 1114112K
  class space    used 480K, committed 576K, reserved 1048576K
}
Event: 51.035 GC heap after
{Heap after GC invocations=2 (full 0):
 garbage-first heap   total 196608K, used 4362K [0x0000000745000000, 0x0000000800000000)
  region size 2048K, 2 young (4096K), 2 survivors (4096K)
 Metaspace       used 6864K, committed 7040K, reserved 1114112K
  class space    used 480K, committed 576K, reserved 1048576K
}
Event: 157.266 GC heap before
{Heap before GC invocations=2 (full 0):
 garbage-first heap   total 196608K, used 114954K [0x0000000745000000, 0x0000000800000000)
  region size 2048K, 56 young (114688K), 2 survivors (4096K)
 Metaspace       used 6865K, committed 7040K, reserved 1114112K
  class space    used 481K, committed 576K, reserved 1048576K
}
Event: 157.271 GC heap after
{Heap after GC invocations=3 (full 0):
 garbage-first heap   total 196608K, used 4500K [0x0000000745000000, 0x0000000800000000)
  region size 2048K, 2 young (4096K), 2 survivors (4096K)
 Metaspace       used 6865K, committed 7040K, reserved 1114112K
  class space    used 481K, committed 576K, reserved 1048576K
}
Event: 263.768 GC heap before
{Heap before GC invocations=3 (full 0):
 garbage-first heap   total 196608K, used 115092K [0x0000000745000000, 0x0000000800000000)
  region size 2048K, 56 young (114688K), 2 survivors (4096K)
 Metaspace       used 6865K, committed 7040K, reserved 1114112K
  class space    used 481K, committed 576K, reserved 1048576K
}
Event: 263.771 GC heap after
{Heap after GC invocations=4 (full 0):
 garbage-first heap   total 196608K, used 4457K [0x0000000745000000, 0x0000000800000000)
  region size 2048K, 2 young (4096K), 2 survivors (4096K)
 Metaspace       used 6865K, committed 7040K, reserved 1114112K
  class space    used 481K, committed 576K, reserved 1048576K
}
Event: 373.347 GC heap before
{Heap before GC invocations=4 (full 0):
 garbage-first heap   total 196608K, used 115049K [0x0000000745000000, 0x0000000800000000)
  region size 2048K, 56 young (114688K), 2 survivors (4096K)
 Metaspace       used 6865K, committed 7040K, reserved 1114112K
  class space    used 481K, committed 576K, reserved 1048576K
}
Event: 373.351 GC heap after
{Heap after GC invocations=5 (full 0):
 garbage-first heap   total 196608K, used 4375K [0x0000000745000000, 0x0000000800000000)
  region size 2048K, 2 young (4096K), 2 survivors (4096K)
 Metaspace       used 6865K, committed 7040K, reserved 1114112K
  class space    used 481K, committed 576K, reserved 1048576K
}

