# JRE version: OpenJDK Runtime Environment Temurin-17.0.8.1+1 (17.0.8.1+1) (build 17.0.8.1+1)
# Java VM: OpenJDK 64-Bit Server VM Temurin-17.0.8.1+1 (17.0.8.1+1, mixed mode, sharing, tiered, compressed oops, compressed class ptrs, g1 gc, linux-amd64)
Heap:
 garbage-first heap   total 196608K, used 45675K [0x0000000745000000, 0x0000000800000000)
  region size 2048K, 23 young (47104K), 2 survivors (4096K)
 Metaspace       used 7176K, committed 7360K, reserved 1114112K
  class space    used 499K, committed 576K, reserved 1048576K
GC Heap History (6 events):
Event: 1.674 GC heap before
{Heap before GC invocations=0 (full 0):
 garbage-first heap   total 196608K, used 12264K [0x0000000745000000, 0x0000000800000000)
  region size 2048K, 6 young (12288K), 0 survivors (0K)
 Metaspace       used 4064K, committed 4288K, reserved 1114112K
  class space    used 329K, committed 448K, reserved 1048576K
}
Event: 1.677 GC heap after
{Heap after GC invocations=1 (full 0):
 garbage-first heap   total 196608K, used 3728K [0x0000000745000000, 0x0000000800000000)
  region size 2048K, 1 young (2048K), 1 survivors (2048K)
 Metaspace       used 4064K, committed 4288K, reserved 1114112K
  class space    used 329K, committed 448K, reserved 1048576K
}
Event: 24.260 GC heap before
{Heap before GC invocations=1 (full 0):
 garbage-first heap   total 196608K, used 22160K [0x0000000745000000, 0x0000000800000000)
  region size 2048K, 10 young (20480K), 1 survivors (2048K)
 Metaspace       used 7144K, committed 7296K, reserved 1114112K
  class space    used 497K, committed 576K, reserved 1048576K
}
Event: 24.263 GC heap after
{Heap after GC invocations=2 (full 0):
 garbage-first heap   total 196608K, used 4670K [0x0000000745000000, 0x0000000800000000)
  region size 2048K, 2 young (4096K), 2 survivors (4096K)
 Metaspace       used 7144K, committed 7296K, reserved 1114112K
  class space    used 497K, committed 576K, reserved 1048576K
}
Event: 114.641 GC heap before
{Heap before GC invocations=2 (full 0):
 garbage-first heap   total 196608K, used 80446K [0x0000000745000000, 0x0000000800000000)
  region size 2048K, 39 young (79872K), 2 survivors (4096K)
 Metaspace       used 7159K, committed 7296K, reserved 1114112K
  class space    used 498K, committed 576K, reserved 1048576K
}
Event: 114.648 GC heap after
{Heap after GC invocations=3 (full 0):
 garbage-first heap   total 196608K, used 4713K [0x0000000745000000, 0x0000000800000000)
  region size 2048K, 2 young (4096K), 2 survivors (4096K)
 Metaspace       used 7159K, committed 7296K, reserved 1114112K
  class space    used 498K, committed 576K, reserved 1048576K
}

